<?xml version="1.0" encoding="UTF-8"?>
<!-- Generated by org.testng.reporters.JUnitXMLReporter -->
<testsuite hostname="lionliliya-SATELLITE-C55-A-19K" name="JUnit tests with TestNG suite" tests="1" failures="0" timestamp="7 Apr 2016 20:47:40 GMT" time="0.104" errors="0">
  <testcase name="testSemaphoreImpl on testSemaphoreImpl(ua.kiev.semaphore.SemaphoreImplTest)" time="0.009" classname="ua.kiev.semaphore.SemaphoreImplTest"/>
</testsuite> <!-- JUnit tests with TestNG suite -->
