<?xml version="1.0" encoding="UTF-8"?>
<!-- Generated by org.testng.reporters.JUnitReportReporter -->
<testsuite hostname="lionliliya-SATELLITE-C55-A-19K" name="ua.kiev.semaphore.SemaphoreImplTest" tests="1" failures="0" timestamp="7 Apr 2016 20:47:40 GMT" time="0.009" errors="0">
  <testcase name="testSemaphoreImpl" time="0.009" classname="ua.kiev.semaphore.SemaphoreImplTest"/>
</testsuite> <!-- ua.kiev.semaphore.SemaphoreImplTest -->
